[2023-05-18T06:31:56.633958+00:00] mdtt.EMERGENCY: Source and destination does not match. {"Definition":"validate_db","Error":"Source: `DEEP MEDITERRANEAN QUICHE`\nDestination: `Deep mediterranean quiche`\nFailed asserting that two strings are identical."} []
[2023-05-18T06:31:56.635934+00:00] mdtt.EMERGENCY: Source and destination does not match. {"Definition":"validate_db","Error":"Source: `QUICHE MEDITERRáNEO PROFUNDO`\nDestination: `Quiche mediterráneo profundo`\nFailed asserting that two strings are identical."} []
[2023-05-18T06:31:56.636021+00:00] mdtt.EMERGENCY: Source and destination does not match. {"Definition":"validate_db","Error":"Source: `VEGAN CHOCOLATE AND NUT BROWNIES`\nDestination: `Vegan chocolate and nut brownies`\nFailed asserting that two strings are identical."} []
[2023-05-18T06:31:56.636272+00:00] mdtt.EMERGENCY: Source and destination does not match. {"Definition":"validate_db","Error":"Source: `BIZCOCHOS VEGANOS DE CHOCOLATE Y NUECES`\nDestination: `Bizcochos veganos de chocolate y nueces`\nFailed asserting that two strings are identical."} []
[2023-05-18T06:31:56.636376+00:00] mdtt.EMERGENCY: Source and destination does not match. {"Definition":"validate_db","Error":"Source: `SUPER EASY VEGETARIAN PASTA BAKE`\nDestination: `Super easy vegetarian pasta bake`\nFailed asserting that two strings are identical."} []
[2023-05-18T06:31:56.636442+00:00] mdtt.EMERGENCY: Source and destination does not match. {"Definition":"validate_db","Error":"Source: `PASTA VEGETARIANA AL HORNO SúPER FáCIL`\nDestination: `Pasta vegetariana al horno súper fácil`\nFailed asserting that two strings are identical."} []
[2023-05-18T06:31:56.636504+00:00] mdtt.EMERGENCY: Source and destination does not match. {"Definition":"validate_db","Error":"Source: `WATERCRESS SOUP`\nDestination: `Watercress soup`\nFailed asserting that two strings are identical."} []
[2023-05-18T06:31:56.636567+00:00] mdtt.EMERGENCY: Source and destination does not match. {"Definition":"validate_db","Error":"Source: `SOPA DE BERRO`\nDestination: `Sopa de berro`\nFailed asserting that two strings are identical."} []
[2023-05-18T06:31:56.636625+00:00] mdtt.EMERGENCY: Source and destination does not match. {"Definition":"validate_db","Error":"Source: `VICTORIA SPONGE CAKE`\nDestination: `Victoria sponge cake`\nFailed asserting that two strings are identical."} []
[2023-05-18T06:31:56.636687+00:00] mdtt.EMERGENCY: Source and destination does not match. {"Definition":"validate_db","Error":"Source: `PASTEL VICTORIA`\nDestination: `Pastel Victoria`\nFailed asserting that two strings are identical."} []
[2023-05-18T06:31:56.636746+00:00] mdtt.EMERGENCY: Source and destination does not match. {"Definition":"validate_db","Error":"Source: `GLUTEN FREE PIZZA`\nDestination: `Gluten free pizza`\nFailed asserting that two strings are identical."} []
[2023-05-18T06:31:56.636809+00:00] mdtt.EMERGENCY: Source and destination does not match. {"Definition":"validate_db","Error":"Source: `PIZZA SIN GLUTEN`\nDestination: `Pizza sin gluten`\nFailed asserting that two strings are identical."} []
[2023-05-18T06:31:56.636868+00:00] mdtt.EMERGENCY: Source and destination does not match. {"Definition":"validate_db","Error":"Source: `THAI GREEN CURRY`\nDestination: `Thai green curry`\nFailed asserting that two strings are identical."} []
[2023-05-18T06:31:56.636927+00:00] mdtt.EMERGENCY: Source and destination does not match. {"Definition":"validate_db","Error":"Source: `CURRY VERDE TAILANDéS`\nDestination: `Curry verde tailandés`\nFailed asserting that two strings are identical."} []
[2023-05-18T06:31:56.636988+00:00] mdtt.EMERGENCY: Source and destination does not match. {"Definition":"validate_db","Error":"Source: `CREMA CATALANA`\nDestination: `Crema catalana`\nFailed asserting that two strings are identical."} []
[2023-05-18T06:31:56.637049+00:00] mdtt.EMERGENCY: Source and destination does not match. {"Definition":"validate_db","Error":"Source: `CREMA CATALANA`\nDestination: `Crema catalana`\nFailed asserting that two strings are identical."} []
[2023-05-18T06:31:56.637109+00:00] mdtt.EMERGENCY: Source and destination does not match. {"Definition":"validate_db","Error":"Source: `FIERY CHILI SAUCE`\nDestination: `Fiery chili sauce`\nFailed asserting that two strings are identical."} []
[2023-05-18T06:31:56.637283+00:00] mdtt.EMERGENCY: Source and destination does not match. {"Definition":"validate_db","Error":"Source: `SALSA DE CHILE ARDIENTE`\nDestination: `Salsa de chile ardiente`\nFailed asserting that two strings are identical."} []
[2023-05-18T06:31:56.637355+00:00] mdtt.EMERGENCY: Source and destination does not match. {"Definition":"validate_db","Error":"Source: `HOME GROWN HERBS`\nDestination: `Home Grown Herbs`\nFailed asserting that two strings are identical."} []
[2023-05-18T06:31:56.637420+00:00] mdtt.EMERGENCY: Source and destination does not match. {"Definition":"validate_db","Error":"Source: `PRUEBA Y CULTIVA TUS PROPIAS HIERBAS`\nDestination: `Prueba y cultiva tus propias hierbas`\nFailed asserting that two strings are identical."} []
[2023-05-18T06:31:56.637484+00:00] mdtt.EMERGENCY: Source and destination does not match. {"Definition":"validate_db","Error":"Source: `VEGAN CHOCOLATE`\nDestination: `Vegan Chocolate`\nFailed asserting that two strings are identical."} []
[2023-05-18T06:31:56.637547+00:00] mdtt.EMERGENCY: Source and destination does not match. {"Definition":"validate_db","Error":"Source: `DELICIOSO CHOCOLATE SIN LACTOSA`\nDestination: `Delicioso chocolate sin lactosa`\nFailed asserting that two strings are identical."} []
[2023-05-18T06:31:56.637613+00:00] mdtt.EMERGENCY: Source and destination does not match. {"Definition":"validate_db","Error":"Source: `SUPERMARKET SAVVY UMAMI`\nDestination: `Supermarket Savvy Umami`\nFailed asserting that two strings are identical."} []
[2023-05-18T06:31:56.637680+00:00] mdtt.EMERGENCY: Source and destination does not match. {"Definition":"validate_db","Error":"Source: `EL VERDADERO NEGOCIO PARA COMPRAR EN EL SUPERMERCADO`\nDestination: `El verdadero negocio para comprar en el supermercado`\nFailed asserting that two strings are identical."} []
[2023-05-18T06:31:56.637747+00:00] mdtt.EMERGENCY: Source and destination does not match. {"Definition":"validate_db","Error":"Source: `MUSHROOMS UMAMI`\nDestination: `Mushrooms Umami`\nFailed asserting that two strings are identical."} []
[2023-05-18T06:31:56.637816+00:00] mdtt.EMERGENCY: Source and destination does not match. {"Definition":"validate_db","Error":"Source: `GUíA UMAMI DE NUESTRAS SETAS PREFERIDAS`\nDestination: `Guía Umami de nuestras setas preferidas`\nFailed asserting that two strings are identical."} []
[2023-05-18T06:31:56.637966+00:00] mdtt.EMERGENCY: Source and destination does not match. {"Definition":"validate_db","Error":"Source: `HERITAGE CARROTS`\nDestination: `Heritage Carrots`\nFailed asserting that two strings are identical."} []
[2023-05-18T06:31:56.638112+00:00] mdtt.EMERGENCY: Source and destination does not match. {"Definition":"validate_db","Error":"Source: `UN APLAUSO PARA LAS ZANAHORIAS`\nDestination: `Un aplauso para las zanahorias`\nFailed asserting that two strings are identical."} []
[2023-05-18T06:31:56.638213+00:00] mdtt.EMERGENCY: Source and destination does not match. {"Definition":"validate_db","Error":"Source: `CHOCOLATE BROWNIE UMAMI`\nDestination: `Chocolate Brownie Umami`\nFailed asserting that two strings are identical."} []
[2023-05-18T06:31:56.638301+00:00] mdtt.EMERGENCY: Source and destination does not match. {"Definition":"validate_db","Error":"Source: `PERCANCES AL HORNEAR - NUESTROS CONSEJOS PARA SOLUCIONAR LOS PROBLEMAS`\nDestination: `Percances al hornear - nuestros consejos para solucionar los problemas`\nFailed asserting that two strings are identical."} []
[2023-05-18T06:31:56.638385+00:00] mdtt.EMERGENCY: Source and destination does not match. {"Definition":"validate_db","Error":"Source: `MOJITO MOCKTAIL`\nDestination: `Mojito Mocktail`\nFailed asserting that two strings are identical."} []
[2023-05-18T06:31:56.638464+00:00] mdtt.EMERGENCY: Source and destination does not match. {"Definition":"validate_db","Error":"Source: `SALTA LOS ESPíRITUS CON DELICIOSOS CóCTELES SIN ALCOHOL`\nDestination: `Salta los espíritus con deliciosos cócteles sin alcohol`\nFailed asserting that two strings are identical."} []
[2023-05-18T06:31:56.638555+00:00] mdtt.EMERGENCY: Source and destination does not match. {"Definition":"validate_db","Error":"Source: `OATMEAL FRUIT SYROP TOPPING`\nDestination: `Oatmeal Fruit Syrop Topping`\nFailed asserting that two strings are identical."} []
[2023-05-18T06:31:56.638634+00:00] mdtt.EMERGENCY: Source and destination does not match. {"Definition":"validate_db","Error":"Source: `DALE A TU AVENA EL CAMBIO DE IMAGEN DEFINITIVO`\nDestination: `Dale a tu avena el cambio de imagen definitivo`\nFailed asserting that two strings are identical."} []
[2023-05-18T06:31:56.639100+00:00] mdtt.EMERGENCY: Source and destination does not match. {"Definition":"validate_db","Error":"Source: `MOUTH WATERING VEGETARIAN PASTA BAKE WITH RICH TOMATO SAUCE AND CHEESE TOPPINGS`\nDestination: `Mouth watering vegetarian pasta bake with rich tomato sauce and cheese toppings`\nFailed asserting that two strings are identical."} []
[2023-05-18T06:31:56.639226+00:00] mdtt.EMERGENCY: Source and destination does not match. {"Definition":"validate_db","Error":"Source: `PASTA VEGETARIANA AL HORNO CON UNA RICA SALSA DE TOMATE CUBIERTA DE QUESO QUE HARá QUE SE TE HAGA LA BOCA AGUA.`\nDestination: `Pasta vegetariana al horno con una rica salsa de tomate cubierta de queso que hará que se te haga la boca agua.`\nFailed asserting that two strings are identical."} []
[2023-05-18T06:31:56.639337+00:00] mdtt.EMERGENCY: Source and destination does not match. {"Definition":"validate_db","Error":"Source: `3 ISSUE BUNDLE OF THE UMAMI FOOD MAGAZINE`\nDestination: `3 issue bundle of the Umami food magazine`\nFailed asserting that two strings are identical."} []
[2023-05-18T06:31:56.639443+00:00] mdtt.EMERGENCY: Source and destination does not match. {"Definition":"validate_db","Error":"Source: `PAQUETE DE 3 EDICIONES DE LA REVISTA DE COMIDA UMAMI`\nDestination: `Paquete de 3 ediciones de la revista de comida Umami`\nFailed asserting that two strings are identical."} []
[2023-05-18T06:31:56.639548+00:00] mdtt.EMERGENCY: Source and destination does not match. {"Definition":"validate_db","Error":"Source: `(HERO) VEGAN CHOCOLATE AND NUT BROWNIES`\nDestination: `(Hero) Vegan chocolate and nut brownies`\nFailed asserting that two strings are identical."} []
[2023-05-18T06:31:56.639657+00:00] mdtt.EMERGENCY: Source and destination does not match. {"Definition":"validate_db","Error":"Source: `(HERO) BIZCOCHOS VEGANOS DE CHOCOLATE Y NUECES`\nDestination: `(Hero) Bizcochos veganos de chocolate y nueces`\nFailed asserting that two strings are identical."} []
[2023-05-18T06:31:56.639755+00:00] mdtt.EMERGENCY: Source and destination does not match. {"Definition":"validate_db","Error":"Source: `BORSCHT WITH PORK RIBS`\nDestination: `Borscht with pork ribs`\nFailed asserting that two strings are identical."} []
[2023-05-18T06:31:56.639901+00:00] mdtt.EMERGENCY: Source and destination does not match. {"Definition":"validate_db","Error":"Source: `BORSCHT CON COSTILLAS DE CERDO`\nDestination: `Borscht con costillas de cerdo`\nFailed asserting that two strings are identical."} []
