[2023-05-18T06:30:37.356949+00:00] mdtt.EMERGENCY: Source and destination does not match. {"Definition":"validate_db","Error":"Source: `DEEP MEDITERRANEAN QUICHE`\nDestination: `Deep mediterranean quiche`\nFailed asserting that two strings are identical."} []
[2023-05-18T06:30:37.358433+00:00] mdtt.EMERGENCY: Source and destination does not match. {"Definition":"validate_db","Error":"Source: `QUICHE MEDITERRáNEO PROFUNDO`\nDestination: `Quiche mediterráneo profundo`\nFailed asserting that two strings are identical."} []
[2023-05-18T06:30:37.358497+00:00] mdtt.EMERGENCY: Source and destination does not match. {"Definition":"validate_db","Error":"Source: `VEGAN CHOCOLATE AND NUT BROWNIES`\nDestination: `Vegan chocolate and nut brownies`\nFailed asserting that two strings are identical."} []
[2023-05-18T06:30:37.358544+00:00] mdtt.EMERGENCY: Source and destination does not match. {"Definition":"validate_db","Error":"Source: `BIZCOCHOS VEGANOS DE CHOCOLATE Y NUECES`\nDestination: `Bizcochos veganos de chocolate y nueces`\nFailed asserting that two strings are identical."} []
[2023-05-18T06:30:37.358585+00:00] mdtt.EMERGENCY: Source and destination does not match. {"Definition":"validate_db","Error":"Source: `SUPER EASY VEGETARIAN PASTA BAKE`\nDestination: `Super easy vegetarian pasta bake`\nFailed asserting that two strings are identical."} []
[2023-05-18T06:30:37.358625+00:00] mdtt.EMERGENCY: Source and destination does not match. {"Definition":"validate_db","Error":"Source: `PASTA VEGETARIANA AL HORNO SúPER FáCIL`\nDestination: `Pasta vegetariana al horno súper fácil`\nFailed asserting that two strings are identical."} []
[2023-05-18T06:30:37.358666+00:00] mdtt.EMERGENCY: Source and destination does not match. {"Definition":"validate_db","Error":"Source: `WATERCRESS SOUP`\nDestination: `Watercress soup`\nFailed asserting that two strings are identical."} []
[2023-05-18T06:30:37.358706+00:00] mdtt.EMERGENCY: Source and destination does not match. {"Definition":"validate_db","Error":"Source: `SOPA DE BERRO`\nDestination: `Sopa de berro`\nFailed asserting that two strings are identical."} []
[2023-05-18T06:30:37.358749+00:00] mdtt.EMERGENCY: Source and destination does not match. {"Definition":"validate_db","Error":"Source: `VICTORIA SPONGE CAKE`\nDestination: `Victoria sponge cake`\nFailed asserting that two strings are identical."} []
[2023-05-18T06:30:37.358790+00:00] mdtt.EMERGENCY: Source and destination does not match. {"Definition":"validate_db","Error":"Source: `PASTEL VICTORIA`\nDestination: `Pastel Victoria`\nFailed asserting that two strings are identical."} []
[2023-05-18T06:30:37.358832+00:00] mdtt.EMERGENCY: Source and destination does not match. {"Definition":"validate_db","Error":"Source: `GLUTEN FREE PIZZA`\nDestination: `Gluten free pizza`\nFailed asserting that two strings are identical."} []
[2023-05-18T06:30:37.358876+00:00] mdtt.EMERGENCY: Source and destination does not match. {"Definition":"validate_db","Error":"Source: `PIZZA SIN GLUTEN`\nDestination: `Pizza sin gluten`\nFailed asserting that two strings are identical."} []
[2023-05-18T06:30:37.358918+00:00] mdtt.EMERGENCY: Source and destination does not match. {"Definition":"validate_db","Error":"Source: `THAI GREEN CURRY`\nDestination: `Thai green curry`\nFailed asserting that two strings are identical."} []
[2023-05-18T06:30:37.358959+00:00] mdtt.EMERGENCY: Source and destination does not match. {"Definition":"validate_db","Error":"Source: `CURRY VERDE TAILANDéS`\nDestination: `Curry verde tailandés`\nFailed asserting that two strings are identical."} []
[2023-05-18T06:30:37.359003+00:00] mdtt.EMERGENCY: Source and destination does not match. {"Definition":"validate_db","Error":"Source: `CREMA CATALANA`\nDestination: `Crema catalana`\nFailed asserting that two strings are identical."} []
[2023-05-18T06:30:37.359052+00:00] mdtt.EMERGENCY: Source and destination does not match. {"Definition":"validate_db","Error":"Source: `CREMA CATALANA`\nDestination: `Crema catalana`\nFailed asserting that two strings are identical."} []
[2023-05-18T06:30:37.359098+00:00] mdtt.EMERGENCY: Source and destination does not match. {"Definition":"validate_db","Error":"Source: `FIERY CHILI SAUCE`\nDestination: `Fiery chili sauce`\nFailed asserting that two strings are identical."} []
[2023-05-18T06:30:37.359157+00:00] mdtt.EMERGENCY: Source and destination does not match. {"Definition":"validate_db","Error":"Source: `SALSA DE CHILE ARDIENTE`\nDestination: `Salsa de chile ardiente`\nFailed asserting that two strings are identical."} []
[2023-05-18T06:30:37.359202+00:00] mdtt.EMERGENCY: Source and destination does not match. {"Definition":"validate_db","Error":"Source: `HOME GROWN HERBS`\nDestination: `Home Grown Herbs`\nFailed asserting that two strings are identical."} []
[2023-05-18T06:30:37.359246+00:00] mdtt.EMERGENCY: Source and destination does not match. {"Definition":"validate_db","Error":"Source: `PRUEBA Y CULTIVA TUS PROPIAS HIERBAS`\nDestination: `Prueba y cultiva tus propias hierbas`\nFailed asserting that two strings are identical."} []
[2023-05-18T06:30:37.359291+00:00] mdtt.EMERGENCY: Source and destination does not match. {"Definition":"validate_db","Error":"Source: `VEGAN CHOCOLATE`\nDestination: `Vegan Chocolate`\nFailed asserting that two strings are identical."} []
[2023-05-18T06:30:37.359335+00:00] mdtt.EMERGENCY: Source and destination does not match. {"Definition":"validate_db","Error":"Source: `DELICIOSO CHOCOLATE SIN LACTOSA`\nDestination: `Delicioso chocolate sin lactosa`\nFailed asserting that two strings are identical."} []
[2023-05-18T06:30:37.359383+00:00] mdtt.EMERGENCY: Source and destination does not match. {"Definition":"validate_db","Error":"Source: `SUPERMARKET SAVVY UMAMI`\nDestination: `Supermarket Savvy Umami`\nFailed asserting that two strings are identical."} []
[2023-05-18T06:30:37.359430+00:00] mdtt.EMERGENCY: Source and destination does not match. {"Definition":"validate_db","Error":"Source: `EL VERDADERO NEGOCIO PARA COMPRAR EN EL SUPERMERCADO`\nDestination: `El verdadero negocio para comprar en el supermercado`\nFailed asserting that two strings are identical."} []
[2023-05-18T06:30:37.359480+00:00] mdtt.EMERGENCY: Source and destination does not match. {"Definition":"validate_db","Error":"Source: `MUSHROOMS UMAMI`\nDestination: `Mushrooms Umami`\nFailed asserting that two strings are identical."} []
[2023-05-18T06:30:37.359529+00:00] mdtt.EMERGENCY: Source and destination does not match. {"Definition":"validate_db","Error":"Source: `GUíA UMAMI DE NUESTRAS SETAS PREFERIDAS`\nDestination: `Guía Umami de nuestras setas preferidas`\nFailed asserting that two strings are identical."} []
[2023-05-18T06:30:37.359577+00:00] mdtt.EMERGENCY: Source and destination does not match. {"Definition":"validate_db","Error":"Source: `HERITAGE CARROTS`\nDestination: `Heritage Carrots`\nFailed asserting that two strings are identical."} []
[2023-05-18T06:30:37.359625+00:00] mdtt.EMERGENCY: Source and destination does not match. {"Definition":"validate_db","Error":"Source: `UN APLAUSO PARA LAS ZANAHORIAS`\nDestination: `Un aplauso para las zanahorias`\nFailed asserting that two strings are identical."} []
[2023-05-18T06:30:37.359677+00:00] mdtt.EMERGENCY: Source and destination does not match. {"Definition":"validate_db","Error":"Source: `CHOCOLATE BROWNIE UMAMI`\nDestination: `Chocolate Brownie Umami`\nFailed asserting that two strings are identical."} []
[2023-05-18T06:30:37.359728+00:00] mdtt.EMERGENCY: Source and destination does not match. {"Definition":"validate_db","Error":"Source: `PERCANCES AL HORNEAR - NUESTROS CONSEJOS PARA SOLUCIONAR LOS PROBLEMAS`\nDestination: `Percances al hornear - nuestros consejos para solucionar los problemas`\nFailed asserting that two strings are identical."} []
[2023-05-18T06:30:37.359820+00:00] mdtt.EMERGENCY: Source and destination does not match. {"Definition":"validate_db","Error":"Source: `MOJITO MOCKTAIL`\nDestination: `Mojito Mocktail`\nFailed asserting that two strings are identical."} []
[2023-05-18T06:30:37.359968+00:00] mdtt.EMERGENCY: Source and destination does not match. {"Definition":"validate_db","Error":"Source: `SALTA LOS ESPíRITUS CON DELICIOSOS CóCTELES SIN ALCOHOL`\nDestination: `Salta los espíritus con deliciosos cócteles sin alcohol`\nFailed asserting that two strings are identical."} []
[2023-05-18T06:30:37.360058+00:00] mdtt.EMERGENCY: Source and destination does not match. {"Definition":"validate_db","Error":"Source: `OATMEAL FRUIT SYROP TOPPING`\nDestination: `Oatmeal Fruit Syrop Topping`\nFailed asserting that two strings are identical."} []
[2023-05-18T06:30:37.360126+00:00] mdtt.EMERGENCY: Source and destination does not match. {"Definition":"validate_db","Error":"Source: `DALE A TU AVENA EL CAMBIO DE IMAGEN DEFINITIVO`\nDestination: `Dale a tu avena el cambio de imagen definitivo`\nFailed asserting that two strings are identical."} []
[2023-05-18T06:30:37.360188+00:00] mdtt.EMERGENCY: Source and destination does not match. {"Definition":"validate_db","Error":"Source: `MOUTH WATERING VEGETARIAN PASTA BAKE WITH RICH TOMATO SAUCE AND CHEESE TOPPINGS`\nDestination: `Mouth watering vegetarian pasta bake with rich tomato sauce and cheese toppings`\nFailed asserting that two strings are identical."} []
[2023-05-18T06:30:37.360251+00:00] mdtt.EMERGENCY: Source and destination does not match. {"Definition":"validate_db","Error":"Source: `PASTA VEGETARIANA AL HORNO CON UNA RICA SALSA DE TOMATE CUBIERTA DE QUESO QUE HARá QUE SE TE HAGA LA BOCA AGUA.`\nDestination: `Pasta vegetariana al horno con una rica salsa de tomate cubierta de queso que hará que se te haga la boca agua.`\nFailed asserting that two strings are identical."} []
[2023-05-18T06:30:37.360316+00:00] mdtt.EMERGENCY: Source and destination does not match. {"Definition":"validate_db","Error":"Source: `3 ISSUE BUNDLE OF THE UMAMI FOOD MAGAZINE`\nDestination: `3 issue bundle of the Umami food magazine`\nFailed asserting that two strings are identical."} []
[2023-05-18T06:30:37.360376+00:00] mdtt.EMERGENCY: Source and destination does not match. {"Definition":"validate_db","Error":"Source: `PAQUETE DE 3 EDICIONES DE LA REVISTA DE COMIDA UMAMI`\nDestination: `Paquete de 3 ediciones de la revista de comida Umami`\nFailed asserting that two strings are identical."} []
[2023-05-18T06:30:37.360437+00:00] mdtt.EMERGENCY: Source and destination does not match. {"Definition":"validate_db","Error":"Source: `(HERO) VEGAN CHOCOLATE AND NUT BROWNIES`\nDestination: `(Hero) Vegan chocolate and nut brownies`\nFailed asserting that two strings are identical."} []
[2023-05-18T06:30:37.360502+00:00] mdtt.EMERGENCY: Source and destination does not match. {"Definition":"validate_db","Error":"Source: `(HERO) BIZCOCHOS VEGANOS DE CHOCOLATE Y NUECES`\nDestination: `(Hero) Bizcochos veganos de chocolate y nueces`\nFailed asserting that two strings are identical."} []
[2023-05-18T06:30:37.360564+00:00] mdtt.EMERGENCY: Source and destination does not match. {"Definition":"validate_db","Error":"Source: `BORSCHT WITH PORK RIBS`\nDestination: `Borscht with pork ribs`\nFailed asserting that two strings are identical."} []
[2023-05-18T06:30:37.360629+00:00] mdtt.EMERGENCY: Source and destination does not match. {"Definition":"validate_db","Error":"Source: `BORSCHT CON COSTILLAS DE CERDO`\nDestination: `Borscht con costillas de cerdo`\nFailed asserting that two strings are identical."} []
[2023-05-18T06:30:37.360695+00:00] mdtt.EMERGENCY: Source and destination does not match. {"Definition":"validate_db","Error":"Source: `TREE.PNG`\nDestination: `tree.png`\nFailed asserting that two strings are identical."} []
[2023-05-18T06:30:37.360760+00:00] mdtt.EMERGENCY: Source and destination does not match. {"Definition":"validate_db","Error":"Source: `TREE.PNG`\nDestination: `tree.png`\nFailed asserting that two strings are identical."} []
[2023-05-18T06:30:37.360824+00:00] mdtt.EMERGENCY: Source and destination does not match. {"Definition":"validate_db","Error":"Source: `TREE.PNG`\nDestination: `tree.png`\nFailed asserting that two strings are identical."} []
[2023-05-18T06:30:37.360888+00:00] mdtt.EMERGENCY: Source and destination does not match. {"Definition":"validate_db","Error":"Source: `TREE.PNG`\nDestination: `tree.png`\nFailed asserting that two strings are identical."} []
[2023-05-18T06:30:37.361041+00:00] mdtt.EMERGENCY: Source and destination does not match. {"Definition":"validate_db","Error":"Source: `TREE.PNG`\nDestination: `tree.png`\nFailed asserting that two strings are identical."} []
[2023-05-18T06:30:37.361113+00:00] mdtt.EMERGENCY: Source and destination does not match. {"Definition":"validate_db","Error":"Source: `TREE.PNG`\nDestination: `tree.png`\nFailed asserting that two strings are identical."} []
[2023-05-18T06:30:37.361180+00:00] mdtt.EMERGENCY: Source and destination does not match. {"Definition":"validate_db","Error":"Source: `TREE.PNG`\nDestination: `tree.png`\nFailed asserting that two strings are identical."} []
[2023-05-18T06:30:37.361247+00:00] mdtt.EMERGENCY: Source and destination does not match. {"Definition":"validate_db","Error":"Source: `TREE.PNG`\nDestination: `tree.png`\nFailed asserting that two strings are identical."} []
[2023-05-18T06:30:37.361315+00:00] mdtt.EMERGENCY: Source and destination does not match. {"Definition":"validate_db","Error":"Source: `TREE.PNG`\nDestination: `tree.png`\nFailed asserting that two strings are identical."} []
[2023-05-18T06:30:37.361897+00:00] mdtt.EMERGENCY: Source and destination does not match. {"Definition":"validate_db","Error":"Source: `TREE.PNG`\nDestination: `tree.png`\nFailed asserting that two strings are identical."} []
[2023-05-18T06:30:37.362131+00:00] mdtt.EMERGENCY: Source and destination does not match. {"Definition":"validate_db","Error":"Source: `TREE.PNG`\nDestination: `tree.png`\nFailed asserting that two strings are identical."} []
[2023-05-18T06:30:37.362229+00:00] mdtt.EMERGENCY: Source and destination does not match. {"Definition":"validate_db","Error":"Source: `TREE.PNG`\nDestination: `tree.png`\nFailed asserting that two strings are identical."} []
[2023-05-18T06:30:37.362308+00:00] mdtt.EMERGENCY: Source and destination does not match. {"Definition":"validate_db","Error":"Source: `TREE.PNG`\nDestination: `tree.png`\nFailed asserting that two strings are identical."} []
[2023-05-18T06:30:37.362383+00:00] mdtt.EMERGENCY: Source and destination does not match. {"Definition":"validate_db","Error":"Source: `TREE.PNG`\nDestination: `tree.png`\nFailed asserting that two strings are identical."} []
[2023-05-18T06:30:37.363827+00:00] mdtt.EMERGENCY: Source and destination does not match. {"Definition":"validate_db","Error":"Source: `TREE.PNG`\nDestination: `tree.png`\nFailed asserting that two strings are identical."} []
[2023-05-18T06:30:37.364024+00:00] mdtt.EMERGENCY: Source and destination does not match. {"Definition":"validate_db","Error":"Source: `TREE.PNG`\nDestination: `tree.png`\nFailed asserting that two strings are identical."} []
[2023-05-18T06:30:37.364155+00:00] mdtt.EMERGENCY: Source and destination does not match. {"Definition":"validate_db","Error":"Source: `TREE.PNG`\nDestination: `tree.png`\nFailed asserting that two strings are identical."} []
[2023-05-18T06:30:37.364270+00:00] mdtt.EMERGENCY: Source and destination does not match. {"Definition":"validate_db","Error":"Source: `TREE.PNG`\nDestination: `tree.png`\nFailed asserting that two strings are identical."} []
[2023-05-18T06:30:37.364397+00:00] mdtt.EMERGENCY: Source and destination does not match. {"Definition":"validate_db","Error":"Source: `TREE.PNG`\nDestination: `tree.png`\nFailed asserting that two strings are identical."} []
[2023-05-18T06:30:37.364500+00:00] mdtt.EMERGENCY: Source and destination does not match. {"Definition":"validate_db","Error":"Source: `TREE.PNG`\nDestination: `tree.png`\nFailed asserting that two strings are identical."} []
[2023-05-18T06:30:37.364593+00:00] mdtt.EMERGENCY: Source and destination does not match. {"Definition":"validate_db","Error":"Source: `TREE.PNG`\nDestination: `tree.png`\nFailed asserting that two strings are identical."} []
[2023-05-18T06:30:37.364840+00:00] mdtt.EMERGENCY: Source and destination does not match. {"Definition":"validate_db","Error":"Source: `TREE.PNG`\nDestination: `tree.png`\nFailed asserting that two strings are identical."} []
[2023-05-18T06:30:37.365234+00:00] mdtt.EMERGENCY: Source and destination does not match. {"Definition":"validate_db","Error":"Source: `CARROT.PNG`\nDestination: `Carrot.png`\nFailed asserting that two strings are identical."} []
[2023-05-18T06:30:37.365848+00:00] mdtt.EMERGENCY: Source and destination does not match. {"Definition":"validate_db","Error":"Source: `TREE.PNG`\nDestination: `tree.png`\nFailed asserting that two strings are identical."} []
[2023-05-18T06:30:37.366260+00:00] mdtt.EMERGENCY: Source and destination does not match. {"Definition":"validate_db","Error":"Source: `CARROT.PNG`\nDestination: `Carrot.png`\nFailed asserting that two strings are identical."} []
[2023-05-18T06:30:37.368310+00:00] mdtt.EMERGENCY: Source and destination does not match. {"Definition":"validate_db","Error":"Source: `TREE.PNG`\nDestination: `tree.png`\nFailed asserting that two strings are identical."} []
[2023-05-18T06:30:37.368734+00:00] mdtt.EMERGENCY: Source and destination does not match. {"Definition":"validate_db","Error":"Source: `TREE.PNG`\nDestination: `tree.png`\nFailed asserting that two strings are identical."} []
[2023-05-18T06:30:37.369102+00:00] mdtt.EMERGENCY: Source and destination does not match. {"Definition":"validate_db","Error":"Source: `CARROT.PNG`\nDestination: `Carrot.png`\nFailed asserting that two strings are identical."} []
[2023-05-18T06:30:37.369361+00:00] mdtt.EMERGENCY: Source and destination does not match. {"Definition":"validate_db","Error":"Source: `TREE.PNG`\nDestination: `tree.png`\nFailed asserting that two strings are identical."} []
[2023-05-18T06:30:37.369881+00:00] mdtt.EMERGENCY: Source and destination does not match. {"Definition":"validate_db","Error":"Source: `CARROT.PNG`\nDestination: `Carrot.png`\nFailed asserting that two strings are identical."} []
[2023-05-18T06:30:37.370483+00:00] mdtt.EMERGENCY: Source and destination does not match. {"Definition":"validate_db","Error":"Source: `TREE.PNG`\nDestination: `tree.png`\nFailed asserting that two strings are identical."} []
[2023-05-18T06:30:37.371019+00:00] mdtt.EMERGENCY: Source and destination does not match. {"Definition":"validate_db","Error":"Source: `CARROT.PNG`\nDestination: `Carrot.png`\nFailed asserting that two strings are identical."} []
[2023-05-18T06:30:37.371363+00:00] mdtt.EMERGENCY: Source and destination does not match. {"Definition":"validate_db","Error":"Source: `TREE.PNG`\nDestination: `tree.png`\nFailed asserting that two strings are identical."} []
[2023-05-18T06:30:37.372007+00:00] mdtt.EMERGENCY: Source and destination does not match. {"Definition":"validate_db","Error":"Source: `CARROT.PNG`\nDestination: `Carrot.png`\nFailed asserting that two strings are identical."} []
[2023-05-18T06:30:37.372351+00:00] mdtt.EMERGENCY: Source and destination does not match. {"Definition":"validate_db","Error":"Source: `TREE.PNG`\nDestination: `tree.png`\nFailed asserting that two strings are identical."} []
[2023-05-18T06:30:37.373147+00:00] mdtt.EMERGENCY: Source and destination does not match. {"Definition":"validate_db","Error":"Source: `CARROT.PNG`\nDestination: `Carrot.png`\nFailed asserting that two strings are identical."} []
[2023-05-18T06:30:37.373767+00:00] mdtt.EMERGENCY: Source and destination does not match. {"Definition":"validate_db","Error":"Source: `TREE.PNG`\nDestination: `tree.png`\nFailed asserting that two strings are identical."} []
[2023-05-18T06:30:37.374308+00:00] mdtt.EMERGENCY: Source and destination does not match. {"Definition":"validate_db","Error":"Source: `CARROT.PNG`\nDestination: `Carrot.png`\nFailed asserting that two strings are identical."} []
[2023-05-18T06:30:37.374674+00:00] mdtt.EMERGENCY: Source and destination does not match. {"Definition":"validate_db","Error":"Source: `TREE.PNG`\nDestination: `tree.png`\nFailed asserting that two strings are identical."} []
[2023-05-18T06:30:37.375116+00:00] mdtt.EMERGENCY: Source and destination does not match. {"Definition":"validate_db","Error":"Source: `CARROT.PNG`\nDestination: `Carrot.png`\nFailed asserting that two strings are identical."} []
[2023-05-18T06:30:37.375642+00:00] mdtt.EMERGENCY: Source and destination does not match. {"Definition":"validate_db","Error":"Source: `TREE.PNG`\nDestination: `tree.png`\nFailed asserting that two strings are identical."} []
[2023-05-18T06:30:37.375822+00:00] mdtt.EMERGENCY: Source and destination does not match. {"Definition":"validate_db","Error":"Source: `CARROT.PNG`\nDestination: `Carrot.png`\nFailed asserting that two strings are identical."} []
[2023-05-18T06:30:37.375992+00:00] mdtt.EMERGENCY: Source and destination does not match. {"Definition":"validate_db","Error":"Source: `TREE.PNG`\nDestination: `tree.png`\nFailed asserting that two strings are identical."} []
[2023-05-18T06:30:37.376148+00:00] mdtt.EMERGENCY: Source and destination does not match. {"Definition":"validate_db","Error":"Source: `CARROT.PNG`\nDestination: `Carrot.png`\nFailed asserting that two strings are identical."} []
[2023-05-18T06:30:37.376318+00:00] mdtt.EMERGENCY: Source and destination does not match. {"Definition":"validate_db","Error":"Source: `TREE.PNG`\nDestination: `tree.png`\nFailed asserting that two strings are identical."} []
[2023-05-18T06:30:37.377350+00:00] mdtt.EMERGENCY: Source and destination does not match. {"Definition":"validate_db","Error":"Source: `CARROT.PNG`\nDestination: `Carrot.png`\nFailed asserting that two strings are identical."} []
[2023-05-18T06:30:37.377876+00:00] mdtt.EMERGENCY: Source and destination does not match. {"Definition":"validate_db","Error":"Source: `TREE.PNG`\nDestination: `tree.png`\nFailed asserting that two strings are identical."} []
[2023-05-18T06:30:37.378235+00:00] mdtt.EMERGENCY: Source and destination does not match. {"Definition":"validate_db","Error":"Source: `CARROT.PNG`\nDestination: `Carrot.png`\nFailed asserting that two strings are identical."} []
[2023-05-18T06:30:37.378573+00:00] mdtt.EMERGENCY: Source and destination does not match. {"Definition":"validate_db","Error":"Source: `TREE.PNG`\nDestination: `tree.png`\nFailed asserting that two strings are identical."} []
[2023-05-18T06:30:37.379060+00:00] mdtt.EMERGENCY: Source and destination does not match. {"Definition":"validate_db","Error":"Source: `CARROT.PNG`\nDestination: `Carrot.png`\nFailed asserting that two strings are identical."} []
[2023-05-18T06:30:37.379455+00:00] mdtt.EMERGENCY: Source and destination does not match. {"Definition":"validate_db","Error":"Source: `TREE.PNG`\nDestination: `tree.png`\nFailed asserting that two strings are identical."} []
[2023-05-18T06:30:37.380090+00:00] mdtt.EMERGENCY: Source and destination does not match. {"Definition":"validate_db","Error":"Source: `CARROT.PNG`\nDestination: `Carrot.png`\nFailed asserting that two strings are identical."} []
[2023-05-18T06:30:37.380676+00:00] mdtt.EMERGENCY: Source and destination does not match. {"Definition":"validate_db","Error":"Source: `TREE.PNG`\nDestination: `tree.png`\nFailed asserting that two strings are identical."} []
[2023-05-18T06:30:37.381182+00:00] mdtt.EMERGENCY: Source and destination does not match. {"Definition":"validate_db","Error":"Source: `CARROT.PNG`\nDestination: `Carrot.png`\nFailed asserting that two strings are identical."} []
[2023-05-18T06:30:37.382497+00:00] mdtt.EMERGENCY: Source and destination does not match. {"Definition":"validate_db","Error":"Source: `TREE.PNG`\nDestination: `tree.png`\nFailed asserting that two strings are identical."} []
[2023-05-18T06:30:37.383188+00:00] mdtt.EMERGENCY: Source and destination does not match. {"Definition":"validate_db","Error":"Source: `CARROT.PNG`\nDestination: `Carrot.png`\nFailed asserting that two strings are identical."} []
[2023-05-18T06:30:37.383717+00:00] mdtt.EMERGENCY: Source and destination does not match. {"Definition":"validate_db","Error":"Source: `TREE.PNG`\nDestination: `tree.png`\nFailed asserting that two strings are identical."} []
[2023-05-18T06:30:37.384272+00:00] mdtt.EMERGENCY: Source and destination does not match. {"Definition":"validate_db","Error":"Source: `CARROT.PNG`\nDestination: `Carrot.png`\nFailed asserting that two strings are identical."} []
[2023-05-18T06:30:37.384654+00:00] mdtt.EMERGENCY: Source and destination does not match. {"Definition":"validate_db","Error":"Source: `TREE.PNG`\nDestination: `tree.png`\nFailed asserting that two strings are identical."} []
[2023-05-18T06:30:37.385088+00:00] mdtt.EMERGENCY: Source and destination does not match. {"Definition":"validate_db","Error":"Source: `CARROT.PNG`\nDestination: `Carrot.png`\nFailed asserting that two strings are identical."} []
[2023-05-18T06:30:37.385616+00:00] mdtt.EMERGENCY: Source and destination does not match. {"Definition":"validate_db","Error":"Source: `TREE.PNG`\nDestination: `tree.png`\nFailed asserting that two strings are identical."} []
[2023-05-18T06:30:37.386150+00:00] mdtt.EMERGENCY: Source and destination does not match. {"Definition":"validate_db","Error":"Source: `CARROT.PNG`\nDestination: `Carrot.png`\nFailed asserting that two strings are identical."} []
[2023-05-18T06:30:37.387224+00:00] mdtt.EMERGENCY: Source and destination does not match. {"Definition":"validate_db","Error":"Source: `TREE.PNG`\nDestination: `tree.png`\nFailed asserting that two strings are identical."} []
[2023-05-18T06:30:37.387719+00:00] mdtt.EMERGENCY: Source and destination does not match. {"Definition":"validate_db","Error":"Source: `CARROT.PNG`\nDestination: `Carrot.png`\nFailed asserting that two strings are identical."} []
[2023-05-18T06:30:37.388684+00:00] mdtt.EMERGENCY: Source and destination does not match. {"Definition":"validate_db","Error":"Source: `TREE.PNG`\nDestination: `tree.png`\nFailed asserting that two strings are identical."} []
[2023-05-18T06:30:37.389830+00:00] mdtt.EMERGENCY: Source and destination does not match. {"Definition":"validate_db","Error":"Source: `CARROT.PNG`\nDestination: `Carrot.png`\nFailed asserting that two strings are identical."} []
[2023-05-18T06:30:37.390765+00:00] mdtt.EMERGENCY: Source and destination does not match. {"Definition":"validate_db","Error":"Source: `TREE.PNG`\nDestination: `tree.png`\nFailed asserting that two strings are identical."} []
[2023-05-18T06:30:37.391709+00:00] mdtt.EMERGENCY: Source and destination does not match. {"Definition":"validate_db","Error":"Source: `CARROT.PNG`\nDestination: `Carrot.png`\nFailed asserting that two strings are identical."} []
[2023-05-18T06:30:37.392011+00:00] mdtt.EMERGENCY: Source and destination does not match. {"Definition":"validate_db","Error":"Source: `TREE.PNG`\nDestination: `tree.png`\nFailed asserting that two strings are identical."} []
[2023-05-18T06:30:37.392326+00:00] mdtt.EMERGENCY: Source and destination does not match. {"Definition":"validate_db","Error":"Source: `CARROT.PNG`\nDestination: `Carrot.png`\nFailed asserting that two strings are identical."} []
[2023-05-18T06:30:37.392535+00:00] mdtt.EMERGENCY: Source and destination does not match. {"Definition":"validate_db","Error":"Source: `HONEY-ALMOND-CAKE.JPG`\nDestination: `Honey-Almond-Cake.jpg`\nFailed asserting that two strings are identical."} []
[2023-05-18T06:30:37.392849+00:00] mdtt.EMERGENCY: Source and destination does not match. {"Definition":"validate_db","Error":"Source: `HONEY-ALMOND-CAKE.JPG`\nDestination: `Honey-Almond-Cake.jpg`\nFailed asserting that two strings are identical."} []
[2023-05-18T06:30:37.393105+00:00] mdtt.EMERGENCY: Source and destination does not match. {"Definition":"validate_db","Error":"Source: `HONEY-ALMOND-CAKE.JPG`\nDestination: `Honey-Almond-Cake.jpg`\nFailed asserting that two strings are identical."} []
[2023-05-18T06:30:37.393316+00:00] mdtt.EMERGENCY: Source and destination does not match. {"Definition":"validate_db","Error":"Source: `HONEY-ALMOND-CAKE.JPG`\nDestination: `Honey-Almond-Cake.jpg`\nFailed asserting that two strings are identical."} []
[2023-05-18T06:30:37.394021+00:00] mdtt.EMERGENCY: Source and destination does not match. {"Definition":"validate_db","Error":"Source: `HONEY-ALMOND-CAKE.JPG`\nDestination: `Honey-Almond-Cake.jpg`\nFailed asserting that two strings are identical."} []
[2023-05-18T06:30:37.395577+00:00] mdtt.EMERGENCY: Source and destination does not match. {"Definition":"validate_db","Error":"Source: `TREE.PNG`\nDestination: `tree.png`\nFailed asserting that two strings are identical."} []
[2023-05-18T06:30:37.399006+00:00] mdtt.EMERGENCY: Source and destination does not match. {"Definition":"validate_db","Error":"Source: `CARROT.PNG`\nDestination: `Carrot.png`\nFailed asserting that two strings are identical."} []
[2023-05-18T06:30:37.401908+00:00] mdtt.EMERGENCY: Source and destination does not match. {"Definition":"validate_db","Error":"Source: `HONEY-ALMOND-CAKE.JPG`\nDestination: `Honey-Almond-Cake.jpg`\nFailed asserting that two strings are identical."} []
[2023-05-18T06:30:37.404410+00:00] mdtt.EMERGENCY: Source and destination does not match. {"Definition":"validate_db","Error":"Source: `TREE.PNG`\nDestination: `tree.png`\nFailed asserting that two strings are identical."} []
[2023-05-18T06:30:37.407873+00:00] mdtt.EMERGENCY: Source and destination does not match. {"Definition":"validate_db","Error":"Source: `CARROT.PNG`\nDestination: `Carrot.png`\nFailed asserting that two strings are identical."} []
[2023-05-18T06:30:37.410138+00:00] mdtt.EMERGENCY: Source and destination does not match. {"Definition":"validate_db","Error":"Source: `HONEY-ALMOND-CAKE.JPG`\nDestination: `Honey-Almond-Cake.jpg`\nFailed asserting that two strings are identical."} []
[2023-05-18T06:30:37.411649+00:00] mdtt.EMERGENCY: Source and destination does not match. {"Definition":"validate_db","Error":"Source: `TREE.PNG`\nDestination: `tree.png`\nFailed asserting that two strings are identical."} []
[2023-05-18T06:30:37.413392+00:00] mdtt.EMERGENCY: Source and destination does not match. {"Definition":"validate_db","Error":"Source: `CARROT.PNG`\nDestination: `Carrot.png`\nFailed asserting that two strings are identical."} []
[2023-05-18T06:30:37.414579+00:00] mdtt.EMERGENCY: Source and destination does not match. {"Definition":"validate_db","Error":"Source: `TREE.PNG`\nDestination: `tree.png`\nFailed asserting that two strings are identical."} []
[2023-05-18T06:30:37.415600+00:00] mdtt.EMERGENCY: Source and destination does not match. {"Definition":"validate_db","Error":"Source: `CARROT.PNG`\nDestination: `Carrot.png`\nFailed asserting that two strings are identical."} []
[2023-05-18T06:30:37.417074+00:00] mdtt.EMERGENCY: Source and destination does not match. {"Definition":"validate_db","Error":"Source: `HONEY-ALMOND-CAKE.JPG`\nDestination: `Honey-Almond-Cake.jpg`\nFailed asserting that two strings are identical."} []
[2023-05-18T06:30:37.417590+00:00] mdtt.EMERGENCY: Source and destination does not match. {"Definition":"validate_db","Error":"Source: `TREE.PNG`\nDestination: `tree.png`\nFailed asserting that two strings are identical."} []
[2023-05-18T06:30:37.419200+00:00] mdtt.EMERGENCY: Source and destination does not match. {"Definition":"validate_db","Error":"Source: `CARROT.PNG`\nDestination: `Carrot.png`\nFailed asserting that two strings are identical."} []
[2023-05-18T06:30:37.421574+00:00] mdtt.EMERGENCY: Source and destination does not match. {"Definition":"validate_db","Error":"Source: `HONEY-ALMOND-CAKE.JPG`\nDestination: `Honey-Almond-Cake.jpg`\nFailed asserting that two strings are identical."} []
[2023-05-18T06:30:37.423188+00:00] mdtt.EMERGENCY: Source and destination does not match. {"Definition":"validate_db","Error":"Source: `TREE.PNG`\nDestination: `tree.png`\nFailed asserting that two strings are identical."} []
[2023-05-18T06:30:37.424035+00:00] mdtt.EMERGENCY: Source and destination does not match. {"Definition":"validate_db","Error":"Source: `TREE.PNG`\nDestination: `tree.png`\nFailed asserting that two strings are identical."} []
[2023-05-18T06:30:37.425173+00:00] mdtt.EMERGENCY: Source and destination does not match. {"Definition":"validate_db","Error":"Source: `CARROT.PNG`\nDestination: `Carrot.png`\nFailed asserting that two strings are identical."} []
[2023-05-18T06:30:37.425454+00:00] mdtt.EMERGENCY: Source and destination does not match. {"Definition":"validate_db","Error":"Source: `HONEY-ALMOND-CAKE.JPG`\nDestination: `Honey-Almond-Cake.jpg`\nFailed asserting that two strings are identical."} []
[2023-05-18T06:30:37.425799+00:00] mdtt.EMERGENCY: Source and destination does not match. {"Definition":"validate_db","Error":"Source: `TREE.PNG`\nDestination: `tree.png`\nFailed asserting that two strings are identical."} []
[2023-05-18T06:30:37.426386+00:00] mdtt.EMERGENCY: Source and destination does not match. {"Definition":"validate_db","Error":"Source: `CARROT.PNG`\nDestination: `Carrot.png`\nFailed asserting that two strings are identical."} []
